2018-01-19 16:34:38,447 [DEBUG] org.apache.http.client.protocol.RequestAddCookies  - CookieSpec selected: default
2018-01-19 16:34:38,489 [DEBUG] org.apache.http.client.protocol.RequestAuthCache  - Auth cache not set in the context
2018-01-19 16:34:38,492 [DEBUG] org.apache.http.impl.conn.PoolingHttpClientConnectionManager  - Connection request: [route: {}->http://localhost:25058][total kept alive: 0; route allocated: 0 of 2000; total allocated: 0 of 2000]
2018-01-19 16:34:38,551 [DEBUG] org.apache.http.impl.conn.PoolingHttpClientConnectionManager  - Connection leased: [id: 0][route: {}->http://localhost:25058][total kept alive: 0; route allocated: 1 of 2000; total allocated: 1 of 2000]
2018-01-19 16:34:38,554 [DEBUG] org.apache.http.impl.execchain.MainClientExec  - Opening connection {}->http://localhost:25058
2018-01-19 16:34:38,556 [DEBUG] org.apache.http.impl.conn.DefaultHttpClientConnectionOperator  - Connecting to localhost/127.0.0.1:25058
2018-01-19 16:34:38,562 [DEBUG] org.apache.http.impl.conn.DefaultHttpClientConnectionOperator  - Connection established 127.0.0.1:59958<->127.0.0.1:25058
2018-01-19 16:34:38,562 [DEBUG] org.apache.http.impl.conn.DefaultManagedHttpClientConnection  - http-outgoing-0: set socket timeout to 10800000
2018-01-19 16:34:38,562 [DEBUG] org.apache.http.impl.execchain.MainClientExec  - Executing request POST /session HTTP/1.1
2018-01-19 16:34:38,563 [DEBUG] org.apache.http.impl.execchain.MainClientExec  - Target auth state: UNCHALLENGED
2018-01-19 16:34:38,563 [DEBUG] org.apache.http.impl.execchain.MainClientExec  - Proxy auth state: UNCHALLENGED
2018-01-19 16:34:38,566 [DEBUG] org.apache.http.headers  - http-outgoing-0 >> POST /session HTTP/1.1
2018-01-19 16:34:38,566 [DEBUG] org.apache.http.headers  - http-outgoing-0 >> Content-Type: application/json; charset=utf-8
2018-01-19 16:34:38,566 [DEBUG] org.apache.http.headers  - http-outgoing-0 >> Content-Length: 335
2018-01-19 16:34:38,566 [DEBUG] org.apache.http.headers  - http-outgoing-0 >> Host: localhost:25058
2018-01-19 16:34:38,566 [DEBUG] org.apache.http.headers  - http-outgoing-0 >> Connection: Keep-Alive
2018-01-19 16:34:38,566 [DEBUG] org.apache.http.headers  - http-outgoing-0 >> User-Agent: Apache-HttpClient/4.5.3 (Java/1.8.0_151)
2018-01-19 16:34:38,566 [DEBUG] org.apache.http.headers  - http-outgoing-0 >> Accept-Encoding: gzip,deflate
2018-01-19 16:34:38,566 [DEBUG] org.apache.http.wire  - http-outgoing-0 >> "POST /session HTTP/1.1[\r][\n]"
2018-01-19 16:34:38,566 [DEBUG] org.apache.http.wire  - http-outgoing-0 >> "Content-Type: application/json; charset=utf-8[\r][\n]"
2018-01-19 16:34:38,567 [DEBUG] org.apache.http.wire  - http-outgoing-0 >> "Content-Length: 335[\r][\n]"
2018-01-19 16:34:38,567 [DEBUG] org.apache.http.wire  - http-outgoing-0 >> "Host: localhost:25058[\r][\n]"
2018-01-19 16:34:38,567 [DEBUG] org.apache.http.wire  - http-outgoing-0 >> "Connection: Keep-Alive[\r][\n]"
2018-01-19 16:34:38,567 [DEBUG] org.apache.http.wire  - http-outgoing-0 >> "User-Agent: Apache-HttpClient/4.5.3 (Java/1.8.0_151)[\r][\n]"
2018-01-19 16:34:38,567 [DEBUG] org.apache.http.wire  - http-outgoing-0 >> "Accept-Encoding: gzip,deflate[\r][\n]"
2018-01-19 16:34:38,567 [DEBUG] org.apache.http.wire  - http-outgoing-0 >> "[\r][\n]"
2018-01-19 16:34:38,567 [DEBUG] org.apache.http.wire  - http-outgoing-0 >> "{[\n]"
2018-01-19 16:34:38,567 [DEBUG] org.apache.http.wire  - http-outgoing-0 >> "  "desiredCapabilities": {"browserName":"chrome","goog:chromeOptions":{"args":[],"extensions":[]}},[\n]"
2018-01-19 16:34:38,567 [DEBUG] org.apache.http.wire  - http-outgoing-0 >> "  "capabilities": {[\n]"
2018-01-19 16:34:38,567 [DEBUG] org.apache.http.wire  - http-outgoing-0 >> "    "desiredCapabilities": {"browserName":"chrome","goog:chromeOptions":{"args":[],"extensions":[]}},[\n]"
2018-01-19 16:34:38,567 [DEBUG] org.apache.http.wire  - http-outgoing-0 >> "    "firstMatch": [[\n]"
2018-01-19 16:34:38,567 [DEBUG] org.apache.http.wire  - http-outgoing-0 >> "      {"browserName":"chrome","goog:chromeOptions":{"args":[],"extensions":[]}}[\n]"
2018-01-19 16:34:38,568 [DEBUG] org.apache.http.wire  - http-outgoing-0 >> "    ][\n]"
2018-01-19 16:34:38,568 [DEBUG] org.apache.http.wire  - http-outgoing-0 >> "  }[\n]"
2018-01-19 16:34:38,568 [DEBUG] org.apache.http.wire  - http-outgoing-0 >> "}"
2018-01-19 16:34:42,892 [DEBUG] org.apache.http.wire  - http-outgoing-0 << "HTTP/1.1 200 OK[\r][\n]"
2018-01-19 16:34:42,892 [DEBUG] org.apache.http.wire  - http-outgoing-0 << "Content-Length:807[\r][\n]"
2018-01-19 16:34:42,892 [DEBUG] org.apache.http.wire  - http-outgoing-0 << "Content-Type:application/json; charset=utf-8[\r][\n]"
2018-01-19 16:34:42,892 [DEBUG] org.apache.http.wire  - http-outgoing-0 << "Connection:close[\r][\n]"
2018-01-19 16:34:42,892 [DEBUG] org.apache.http.wire  - http-outgoing-0 << "[\r][\n]"
2018-01-19 16:34:42,892 [DEBUG] org.apache.http.wire  - http-outgoing-0 << "{"sessionId":"5c95f147d3ebbbedaec82bfab7ae4b8d","status":0,"value":{"acceptSslCerts":true,"applicationCacheEnabled":false,"browserConnectionEnabled":false,"browserName":"chrome","chrome":{"chromedriverVersion":"2.33.506120 (e3e53437346286c0bc2d2dc9aa4915ba81d9023f)","userDataDir":"C:\\Users\\ANGELE~1.SEN\\AppData\\Local\\Temp\\scoped_dir5844_14126"},"cssSelectorsEnabled":true,"databaseEnabled":false,"handlesAlerts":true,"hasTouchScreen":false,"javascriptEnabled":true,"locationContextEnabled":true,"mobileEmulationEnabled":false,"nativeEvents":true,"networkConnectionEnabled":false,"pageLoadStrategy":"normal","platform":"Windows NT","rotatable":false,"setWindowRect":true,"takesHeapSnapshot":true,"takesScreenshot":true,"unexpectedAlertBehaviour":"","version":"63.0.3239.132","webStorageEnabled":true}}"
2018-01-19 16:34:42,973 [DEBUG] org.apache.http.headers  - http-outgoing-0 << HTTP/1.1 200 OK
2018-01-19 16:34:42,973 [DEBUG] org.apache.http.headers  - http-outgoing-0 << Content-Length:807
2018-01-19 16:34:42,978 [DEBUG] org.apache.http.headers  - http-outgoing-0 << Content-Type:application/json; charset=utf-8
2018-01-19 16:34:42,978 [DEBUG] org.apache.http.headers  - http-outgoing-0 << Connection:close
2018-01-19 16:34:43,190 [DEBUG] org.apache.http.impl.conn.DefaultManagedHttpClientConnection  - http-outgoing-0: Close connection
2018-01-19 16:34:43,191 [DEBUG] org.apache.http.impl.execchain.MainClientExec  - Connection discarded
2018-01-19 16:34:43,191 [DEBUG] org.apache.http.impl.conn.PoolingHttpClientConnectionManager  - Connection released: [id: 0][route: {}->http://localhost:25058][total kept alive: 0; route allocated: 0 of 2000; total allocated: 0 of 2000]
2018-01-19 16:34:44,314 [DEBUG] org.apache.http.client.protocol.RequestAddCookies  - CookieSpec selected: default
2018-01-19 16:34:44,314 [DEBUG] org.apache.http.client.protocol.RequestAuthCache  - Auth cache not set in the context
2018-01-19 16:34:44,314 [DEBUG] org.apache.http.impl.conn.PoolingHttpClientConnectionManager  - Connection request: [route: {}->http://localhost:25058][total kept alive: 0; route allocated: 0 of 2000; total allocated: 0 of 2000]
2018-01-19 16:34:44,315 [DEBUG] org.apache.http.impl.conn.PoolingHttpClientConnectionManager  - Connection leased: [id: 1][route: {}->http://localhost:25058][total kept alive: 0; route allocated: 1 of 2000; total allocated: 1 of 2000]
2018-01-19 16:34:44,315 [DEBUG] org.apache.http.impl.execchain.MainClientExec  - Opening connection {}->http://localhost:25058
2018-01-19 16:34:44,315 [DEBUG] org.apache.http.impl.conn.DefaultHttpClientConnectionOperator  - Connecting to localhost/127.0.0.1:25058
2018-01-19 16:34:44,316 [DEBUG] org.apache.http.impl.conn.DefaultHttpClientConnectionOperator  - Connection established 127.0.0.1:59974<->127.0.0.1:25058
2018-01-19 16:34:44,317 [DEBUG] org.apache.http.impl.conn.DefaultManagedHttpClientConnection  - http-outgoing-1: set socket timeout to 10800000
2018-01-19 16:34:44,317 [DEBUG] org.apache.http.impl.execchain.MainClientExec  - Executing request POST /session/5c95f147d3ebbbedaec82bfab7ae4b8d/url HTTP/1.1
2018-01-19 16:34:44,317 [DEBUG] org.apache.http.impl.execchain.MainClientExec  - Target auth state: UNCHALLENGED
2018-01-19 16:34:44,317 [DEBUG] org.apache.http.impl.execchain.MainClientExec  - Proxy auth state: UNCHALLENGED
2018-01-19 16:34:44,317 [DEBUG] org.apache.http.headers  - http-outgoing-1 >> POST /session/5c95f147d3ebbbedaec82bfab7ae4b8d/url HTTP/1.1
2018-01-19 16:34:44,318 [DEBUG] org.apache.http.headers  - http-outgoing-1 >> Content-Type: application/json; charset=utf-8
2018-01-19 16:34:44,318 [DEBUG] org.apache.http.headers  - http-outgoing-1 >> Content-Length: 83
2018-01-19 16:34:44,318 [DEBUG] org.apache.http.headers  - http-outgoing-1 >> Host: localhost:25058
2018-01-19 16:34:44,318 [DEBUG] org.apache.http.headers  - http-outgoing-1 >> Connection: Keep-Alive
2018-01-19 16:34:44,318 [DEBUG] org.apache.http.headers  - http-outgoing-1 >> User-Agent: Apache-HttpClient/4.5.3 (Java/1.8.0_151)
2018-01-19 16:34:44,318 [DEBUG] org.apache.http.headers  - http-outgoing-1 >> Accept-Encoding: gzip,deflate
2018-01-19 16:34:44,319 [DEBUG] org.apache.http.wire  - http-outgoing-1 >> "POST /session/5c95f147d3ebbbedaec82bfab7ae4b8d/url HTTP/1.1[\r][\n]"
2018-01-19 16:34:44,319 [DEBUG] org.apache.http.wire  - http-outgoing-1 >> "Content-Type: application/json; charset=utf-8[\r][\n]"
2018-01-19 16:34:44,319 [DEBUG] org.apache.http.wire  - http-outgoing-1 >> "Content-Length: 83[\r][\n]"
2018-01-19 16:34:44,319 [DEBUG] org.apache.http.wire  - http-outgoing-1 >> "Host: localhost:25058[\r][\n]"
2018-01-19 16:34:44,319 [DEBUG] org.apache.http.wire  - http-outgoing-1 >> "Connection: Keep-Alive[\r][\n]"
2018-01-19 16:34:44,319 [DEBUG] org.apache.http.wire  - http-outgoing-1 >> "User-Agent: Apache-HttpClient/4.5.3 (Java/1.8.0_151)[\r][\n]"
2018-01-19 16:34:44,319 [DEBUG] org.apache.http.wire  - http-outgoing-1 >> "Accept-Encoding: gzip,deflate[\r][\n]"
2018-01-19 16:34:44,319 [DEBUG] org.apache.http.wire  - http-outgoing-1 >> "[\r][\n]"
2018-01-19 16:34:44,319 [DEBUG] org.apache.http.wire  - http-outgoing-1 >> "{"url":"http://www.metric-conversions.org/es/temperatura/celsius-a-fahrenheit.htm"}"
2018-01-19 16:34:48,385 [DEBUG] org.apache.http.wire  - http-outgoing-1 << "HTTP/1.1 200 OK[\r][\n]"
2018-01-19 16:34:48,385 [DEBUG] org.apache.http.wire  - http-outgoing-1 << "Content-Length:268[\r][\n]"
2018-01-19 16:34:48,385 [DEBUG] org.apache.http.wire  - http-outgoing-1 << "Content-Type:application/json; charset=utf-8[\r][\n]"
2018-01-19 16:34:48,385 [DEBUG] org.apache.http.wire  - http-outgoing-1 << "Connection:close[\r][\n]"
2018-01-19 16:34:48,385 [DEBUG] org.apache.http.wire  - http-outgoing-1 << "[\r][\n]"
2018-01-19 16:34:48,386 [DEBUG] org.apache.http.wire  - http-outgoing-1 << "{"sessionId":"5c95f147d3ebbbedaec82bfab7ae4b8d","status":100,"value":{"message":"chrome not reachable\n  (Session info: chrome=63.0.3239.132)\n  (Driver info: chromedriver=2.33.506120 (e3e53437346286c0bc2d2dc9aa4915ba81d9023f),platform=Windows NT 10.0.15063 x86_64)"}}"
2018-01-19 16:34:48,386 [DEBUG] org.apache.http.headers  - http-outgoing-1 << HTTP/1.1 200 OK
2018-01-19 16:34:48,386 [DEBUG] org.apache.http.headers  - http-outgoing-1 << Content-Length:268
2018-01-19 16:34:48,386 [DEBUG] org.apache.http.headers  - http-outgoing-1 << Content-Type:application/json; charset=utf-8
2018-01-19 16:34:48,386 [DEBUG] org.apache.http.headers  - http-outgoing-1 << Connection:close
2018-01-19 16:34:48,387 [DEBUG] org.apache.http.impl.conn.DefaultManagedHttpClientConnection  - http-outgoing-1: Close connection
2018-01-19 16:34:48,388 [DEBUG] org.apache.http.impl.execchain.MainClientExec  - Connection discarded
2018-01-19 16:34:48,388 [DEBUG] org.apache.http.impl.conn.PoolingHttpClientConnectionManager  - Connection released: [id: 1][route: {}->http://localhost:25058][total kept alive: 0; route allocated: 0 of 2000; total allocated: 0 of 2000]
2018-01-19 16:34:48,483 [DEBUG] org.apache.http.client.protocol.RequestAddCookies  - CookieSpec selected: default
2018-01-19 16:34:48,484 [DEBUG] org.apache.http.client.protocol.RequestAuthCache  - Auth cache not set in the context
2018-01-19 16:34:48,484 [DEBUG] org.apache.http.impl.conn.PoolingHttpClientConnectionManager  - Connection request: [route: {}->http://localhost:25058][total kept alive: 0; route allocated: 0 of 2000; total allocated: 0 of 2000]
2018-01-19 16:34:48,484 [DEBUG] org.apache.http.impl.conn.PoolingHttpClientConnectionManager  - Connection leased: [id: 2][route: {}->http://localhost:25058][total kept alive: 0; route allocated: 1 of 2000; total allocated: 1 of 2000]
2018-01-19 16:34:48,484 [DEBUG] org.apache.http.impl.execchain.MainClientExec  - Opening connection {}->http://localhost:25058
2018-01-19 16:34:48,484 [DEBUG] org.apache.http.impl.conn.DefaultHttpClientConnectionOperator  - Connecting to localhost/127.0.0.1:25058
2018-01-19 16:34:48,485 [DEBUG] org.apache.http.impl.conn.DefaultHttpClientConnectionOperator  - Connection established 127.0.0.1:59987<->127.0.0.1:25058
2018-01-19 16:34:48,485 [DEBUG] org.apache.http.impl.conn.DefaultManagedHttpClientConnection  - http-outgoing-2: set socket timeout to 10800000
2018-01-19 16:34:48,485 [DEBUG] org.apache.http.impl.execchain.MainClientExec  - Executing request DELETE /session/5c95f147d3ebbbedaec82bfab7ae4b8d/window HTTP/1.1
2018-01-19 16:34:48,486 [DEBUG] org.apache.http.impl.execchain.MainClientExec  - Target auth state: UNCHALLENGED
2018-01-19 16:34:48,486 [DEBUG] org.apache.http.impl.execchain.MainClientExec  - Proxy auth state: UNCHALLENGED
2018-01-19 16:34:48,486 [DEBUG] org.apache.http.headers  - http-outgoing-2 >> DELETE /session/5c95f147d3ebbbedaec82bfab7ae4b8d/window HTTP/1.1
2018-01-19 16:34:48,486 [DEBUG] org.apache.http.headers  - http-outgoing-2 >> Host: localhost:25058
2018-01-19 16:34:48,486 [DEBUG] org.apache.http.headers  - http-outgoing-2 >> Connection: Keep-Alive
2018-01-19 16:34:48,487 [DEBUG] org.apache.http.headers  - http-outgoing-2 >> User-Agent: Apache-HttpClient/4.5.3 (Java/1.8.0_151)
2018-01-19 16:34:48,487 [DEBUG] org.apache.http.headers  - http-outgoing-2 >> Accept-Encoding: gzip,deflate
2018-01-19 16:34:48,487 [DEBUG] org.apache.http.wire  - http-outgoing-2 >> "DELETE /session/5c95f147d3ebbbedaec82bfab7ae4b8d/window HTTP/1.1[\r][\n]"
2018-01-19 16:34:48,487 [DEBUG] org.apache.http.wire  - http-outgoing-2 >> "Host: localhost:25058[\r][\n]"
2018-01-19 16:34:48,487 [DEBUG] org.apache.http.wire  - http-outgoing-2 >> "Connection: Keep-Alive[\r][\n]"
2018-01-19 16:34:48,487 [DEBUG] org.apache.http.wire  - http-outgoing-2 >> "User-Agent: Apache-HttpClient/4.5.3 (Java/1.8.0_151)[\r][\n]"
2018-01-19 16:34:48,487 [DEBUG] org.apache.http.wire  - http-outgoing-2 >> "Accept-Encoding: gzip,deflate[\r][\n]"
2018-01-19 16:34:48,487 [DEBUG] org.apache.http.wire  - http-outgoing-2 >> "[\r][\n]"
2018-01-19 16:34:48,610 [DEBUG] org.apache.http.wire  - http-outgoing-2 << "HTTP/1.1 200 OK[\r][\n]"
2018-01-19 16:34:48,610 [DEBUG] org.apache.http.wire  - http-outgoing-2 << "Content-Length:268[\r][\n]"
2018-01-19 16:34:48,610 [DEBUG] org.apache.http.wire  - http-outgoing-2 << "Content-Type:application/json; charset=utf-8[\r][\n]"
2018-01-19 16:34:48,610 [DEBUG] org.apache.http.wire  - http-outgoing-2 << "Connection:close[\r][\n]"
2018-01-19 16:34:48,610 [DEBUG] org.apache.http.wire  - http-outgoing-2 << "[\r][\n]"
2018-01-19 16:34:48,611 [DEBUG] org.apache.http.wire  - http-outgoing-2 << "{"sessionId":"5c95f147d3ebbbedaec82bfab7ae4b8d","status":100,"value":{"message":"chrome not reachable\n  (Session info: chrome=63.0.3239.132)\n  (Driver info: chromedriver=2.33.506120 (e3e53437346286c0bc2d2dc9aa4915ba81d9023f),platform=Windows NT 10.0.15063 x86_64)"}}"
2018-01-19 16:34:48,611 [DEBUG] org.apache.http.headers  - http-outgoing-2 << HTTP/1.1 200 OK
2018-01-19 16:34:48,611 [DEBUG] org.apache.http.headers  - http-outgoing-2 << Content-Length:268
2018-01-19 16:34:48,611 [DEBUG] org.apache.http.headers  - http-outgoing-2 << Content-Type:application/json; charset=utf-8
2018-01-19 16:34:48,612 [DEBUG] org.apache.http.headers  - http-outgoing-2 << Connection:close
2018-01-19 16:34:48,612 [DEBUG] org.apache.http.impl.conn.DefaultManagedHttpClientConnection  - http-outgoing-2: Close connection
2018-01-19 16:34:48,613 [DEBUG] org.apache.http.impl.execchain.MainClientExec  - Connection discarded
2018-01-19 16:34:48,613 [DEBUG] org.apache.http.impl.conn.PoolingHttpClientConnectionManager  - Connection released: [id: 2][route: {}->http://localhost:25058][total kept alive: 0; route allocated: 0 of 2000; total allocated: 0 of 2000]
